0 info it worked if it ends with ok
1 verbose cli [ 'node', '/usr/local/bin/npm', 'publish', '--force' ]
2 info using npm@1.3.11
3 info using node@v0.10.21
4 warn using --force I sure hope you know what you are doing.
5 verbose publish [ '.' ]
6 verbose cache add [ '.', null ]
7 verbose cache add name=undefined spec="." args=[".",null]
8 verbose parsed url { protocol: null,
8 verbose parsed url   slashes: null,
8 verbose parsed url   auth: null,
8 verbose parsed url   host: null,
8 verbose parsed url   port: null,
8 verbose parsed url   hostname: null,
8 verbose parsed url   hash: null,
8 verbose parsed url   search: null,
8 verbose parsed url   query: null,
8 verbose parsed url   pathname: '.',
8 verbose parsed url   path: '.',
8 verbose parsed url   href: '.' }
9 silly lockFile 3a52ce78- .
10 verbose lock . /Users/waynedurack/.npm/3a52ce78-.lock
11 verbose tar pack [ '/var/folders/v3/wsp35jd106l8w_w53zmhqbm40000gn/T/npm-63942-9sdqo_x-/1396006134624-0.2603787530679256/tmp.tgz',
11 verbose tar pack   '.' ]
12 verbose tarball /var/folders/v3/wsp35jd106l8w_w53zmhqbm40000gn/T/npm-63942-9sdqo_x-/1396006134624-0.2603787530679256/tmp.tgz
13 verbose folder .
14 silly lockFile 1f1177db-tar tar://.
15 verbose lock tar://. /Users/waynedurack/.npm/1f1177db-tar.lock
16 silly lockFile 2f0503ed-34624-0-2603787530679256-tmp-tgz tar:///var/folders/v3/wsp35jd106l8w_w53zmhqbm40000gn/T/npm-63942-9sdqo_x-/1396006134624-0.2603787530679256/tmp.tgz
17 verbose lock tar:///var/folders/v3/wsp35jd106l8w_w53zmhqbm40000gn/T/npm-63942-9sdqo_x-/1396006134624-0.2603787530679256/tmp.tgz /Users/waynedurack/.npm/2f0503ed-34624-0-2603787530679256-tmp-tgz.lock
18 silly lockFile 1f1177db-tar tar://.
19 silly lockFile 1f1177db-tar tar://.
20 silly lockFile 2f0503ed-34624-0-2603787530679256-tmp-tgz tar:///var/folders/v3/wsp35jd106l8w_w53zmhqbm40000gn/T/npm-63942-9sdqo_x-/1396006134624-0.2603787530679256/tmp.tgz
21 silly lockFile 2f0503ed-34624-0-2603787530679256-tmp-tgz tar:///var/folders/v3/wsp35jd106l8w_w53zmhqbm40000gn/T/npm-63942-9sdqo_x-/1396006134624-0.2603787530679256/tmp.tgz
22 verbose tar unpack /var/folders/v3/wsp35jd106l8w_w53zmhqbm40000gn/T/npm-63942-9sdqo_x-/1396006134624-0.2603787530679256/tmp.tgz
23 silly lockFile 53ae9149-34624-0-2603787530679256-package tar:///var/folders/v3/wsp35jd106l8w_w53zmhqbm40000gn/T/npm-63942-9sdqo_x-/1396006134624-0.2603787530679256/package
24 verbose lock tar:///var/folders/v3/wsp35jd106l8w_w53zmhqbm40000gn/T/npm-63942-9sdqo_x-/1396006134624-0.2603787530679256/package /Users/waynedurack/.npm/53ae9149-34624-0-2603787530679256-package.lock
25 silly lockFile 2f0503ed-34624-0-2603787530679256-tmp-tgz tar:///var/folders/v3/wsp35jd106l8w_w53zmhqbm40000gn/T/npm-63942-9sdqo_x-/1396006134624-0.2603787530679256/tmp.tgz
26 verbose lock tar:///var/folders/v3/wsp35jd106l8w_w53zmhqbm40000gn/T/npm-63942-9sdqo_x-/1396006134624-0.2603787530679256/tmp.tgz /Users/waynedurack/.npm/2f0503ed-34624-0-2603787530679256-tmp-tgz.lock
27 silly gunzTarPerm modes [ '755', '644' ]
28 silly gunzTarPerm extractEntry package.json
29 silly gunzTarPerm extractEntry README.md
30 silly gunzTarPerm extractEntry bin/boilerpipe-query
31 silly gunzTarPerm extractEntry lib/boilerpipe-query.js
32 silly lockFile 53ae9149-34624-0-2603787530679256-package tar:///var/folders/v3/wsp35jd106l8w_w53zmhqbm40000gn/T/npm-63942-9sdqo_x-/1396006134624-0.2603787530679256/package
33 silly lockFile 53ae9149-34624-0-2603787530679256-package tar:///var/folders/v3/wsp35jd106l8w_w53zmhqbm40000gn/T/npm-63942-9sdqo_x-/1396006134624-0.2603787530679256/package
34 silly lockFile 2f0503ed-34624-0-2603787530679256-tmp-tgz tar:///var/folders/v3/wsp35jd106l8w_w53zmhqbm40000gn/T/npm-63942-9sdqo_x-/1396006134624-0.2603787530679256/tmp.tgz
35 silly lockFile 2f0503ed-34624-0-2603787530679256-tmp-tgz tar:///var/folders/v3/wsp35jd106l8w_w53zmhqbm40000gn/T/npm-63942-9sdqo_x-/1396006134624-0.2603787530679256/tmp.tgz
36 verbose tar pack [ '/Users/waynedurack/.npm/boilerpipe-query/0.1.2/package.tgz',
36 verbose tar pack   '/var/folders/v3/wsp35jd106l8w_w53zmhqbm40000gn/T/npm-63942-9sdqo_x-/1396006134624-0.2603787530679256/package' ]
37 verbose tarball /Users/waynedurack/.npm/boilerpipe-query/0.1.2/package.tgz
38 verbose folder /var/folders/v3/wsp35jd106l8w_w53zmhqbm40000gn/T/npm-63942-9sdqo_x-/1396006134624-0.2603787530679256/package
39 silly lockFile 53ae9149-34624-0-2603787530679256-package tar:///var/folders/v3/wsp35jd106l8w_w53zmhqbm40000gn/T/npm-63942-9sdqo_x-/1396006134624-0.2603787530679256/package
40 verbose lock tar:///var/folders/v3/wsp35jd106l8w_w53zmhqbm40000gn/T/npm-63942-9sdqo_x-/1396006134624-0.2603787530679256/package /Users/waynedurack/.npm/53ae9149-34624-0-2603787530679256-package.lock
41 silly lockFile 211740c1-ilerpipe-query-0-1-2-package-tgz tar:///Users/waynedurack/.npm/boilerpipe-query/0.1.2/package.tgz
42 verbose lock tar:///Users/waynedurack/.npm/boilerpipe-query/0.1.2/package.tgz /Users/waynedurack/.npm/211740c1-ilerpipe-query-0-1-2-package-tgz.lock
43 silly lockFile 53ae9149-34624-0-2603787530679256-package tar:///var/folders/v3/wsp35jd106l8w_w53zmhqbm40000gn/T/npm-63942-9sdqo_x-/1396006134624-0.2603787530679256/package
44 silly lockFile 53ae9149-34624-0-2603787530679256-package tar:///var/folders/v3/wsp35jd106l8w_w53zmhqbm40000gn/T/npm-63942-9sdqo_x-/1396006134624-0.2603787530679256/package
45 silly lockFile 211740c1-ilerpipe-query-0-1-2-package-tgz tar:///Users/waynedurack/.npm/boilerpipe-query/0.1.2/package.tgz
46 silly lockFile 211740c1-ilerpipe-query-0-1-2-package-tgz tar:///Users/waynedurack/.npm/boilerpipe-query/0.1.2/package.tgz
47 silly lockFile 0ec0ed6f-m-boilerpipe-query-0-1-2-package /Users/waynedurack/.npm/boilerpipe-query/0.1.2/package
48 verbose lock /Users/waynedurack/.npm/boilerpipe-query/0.1.2/package /Users/waynedurack/.npm/0ec0ed6f-m-boilerpipe-query-0-1-2-package.lock
49 silly lockFile 0ec0ed6f-m-boilerpipe-query-0-1-2-package /Users/waynedurack/.npm/boilerpipe-query/0.1.2/package
50 silly lockFile 0ec0ed6f-m-boilerpipe-query-0-1-2-package /Users/waynedurack/.npm/boilerpipe-query/0.1.2/package
51 verbose tar unpack /Users/waynedurack/.npm/boilerpipe-query/0.1.2/package.tgz
52 silly lockFile 8e74fd76-m-boilerpipe-query-0-1-2-package tar:///Users/waynedurack/.npm/boilerpipe-query/0.1.2/package
53 verbose lock tar:///Users/waynedurack/.npm/boilerpipe-query/0.1.2/package /Users/waynedurack/.npm/8e74fd76-m-boilerpipe-query-0-1-2-package.lock
54 silly lockFile 211740c1-ilerpipe-query-0-1-2-package-tgz tar:///Users/waynedurack/.npm/boilerpipe-query/0.1.2/package.tgz
55 verbose lock tar:///Users/waynedurack/.npm/boilerpipe-query/0.1.2/package.tgz /Users/waynedurack/.npm/211740c1-ilerpipe-query-0-1-2-package-tgz.lock
56 silly gunzTarPerm modes [ '755', '644' ]
57 silly gunzTarPerm extractEntry package.json
58 silly gunzTarPerm extractEntry README.md
59 silly gunzTarPerm extractEntry bin/boilerpipe-query
60 silly gunzTarPerm extractEntry lib/boilerpipe-query.js
61 silly lockFile 8e74fd76-m-boilerpipe-query-0-1-2-package tar:///Users/waynedurack/.npm/boilerpipe-query/0.1.2/package
62 silly lockFile 8e74fd76-m-boilerpipe-query-0-1-2-package tar:///Users/waynedurack/.npm/boilerpipe-query/0.1.2/package
63 silly lockFile 211740c1-ilerpipe-query-0-1-2-package-tgz tar:///Users/waynedurack/.npm/boilerpipe-query/0.1.2/package.tgz
64 silly lockFile 211740c1-ilerpipe-query-0-1-2-package-tgz tar:///Users/waynedurack/.npm/boilerpipe-query/0.1.2/package.tgz
65 verbose chmod /Users/waynedurack/.npm/boilerpipe-query/0.1.2/package.tgz 644
66 verbose chown /Users/waynedurack/.npm/boilerpipe-query/0.1.2/package.tgz [ 501, 20 ]
67 silly lockFile 3a52ce78- .
68 silly lockFile 3a52ce78- .
69 silly publish { author: { name: 'Wayne Durack' },
69 silly publish   name: 'boilerpipe-query',
69 silly publish   description: 'Queries Boilerpipe\'s public API',
69 silly publish   version: '0.1.2',
69 silly publish   repository: { url: 'https://github.com/Trolleymusic/boilerpipe-query' },
69 silly publish   main: './lib/boilerpipe-query',
69 silly publish   keywords: [ 'boilerpipe', 'query' ],
69 silly publish   bin: { uppercaseme: './bin/boilerpipe-query' },
69 silly publish   dependencies: { superagent: '~0.15.4' },
69 silly publish   engines: { node: '*' },
69 silly publish   readme: 'Makes a request to Boilerpipe\'s publicly available API',
69 silly publish   readmeFilename: 'README.md',
69 silly publish   bugs: { url: 'https://github.com/Trolleymusic/boilerpipe-query/issues' },
69 silly publish   _id: 'boilerpipe-query@0.1.2',
69 silly publish   dist: { shasum: 'abe5a8a036dcfe07c12c55b81c82300a87b6db51' },
69 silly publish   _from: '.' }
70 verbose url raw boilerpipe-query
71 verbose url resolving [ 'https://registry.npmjs.org/', './boilerpipe-query' ]
72 verbose url resolved https://registry.npmjs.org/boilerpipe-query
73 info trying registry request attempt 1 at 11:28:54
74 http PUT https://registry.npmjs.org/boilerpipe-query
75 http 403 https://registry.npmjs.org/boilerpipe-query
76 info trying registry request attempt 1 at 11:28:56
77 http PUT https://registry.npmjs.org/boilerpipe-query
78 http 201 https://registry.npmjs.org/boilerpipe-query
79 verbose url raw boilerpipe-query
80 verbose url resolving [ 'https://registry.npmjs.org/', './boilerpipe-query' ]
81 verbose url resolved https://registry.npmjs.org/boilerpipe-query
82 info trying registry request attempt 1 at 11:28:57
83 http GET https://registry.npmjs.org/boilerpipe-query
84 http 200 https://registry.npmjs.org/boilerpipe-query
85 warn publish Forced publish over boilerpipe-query@0.1.2
86 verbose url raw boilerpipe-query
87 verbose url resolving [ 'https://registry.npmjs.org/', './boilerpipe-query' ]
88 verbose url resolved https://registry.npmjs.org/boilerpipe-query
89 info trying registry request attempt 1 at 11:28:57
90 http GET https://registry.npmjs.org/boilerpipe-query
91 http 200 https://registry.npmjs.org/boilerpipe-query
92 silly registry.get cb [ 200,
92 silly registry.get   { date: 'Fri, 28 Mar 2014 11:28:58 GMT',
92 silly registry.get     server: 'CouchDB/1.5.0 (Erlang OTP/R14B04)',
92 silly registry.get     etag: '"SQIP53RH8KB40FU7WODTFAHJ"',
92 silly registry.get     'content-type': 'application/json',
92 silly registry.get     'accept-ranges': 'bytes',
92 silly registry.get     via: '1.1 varnish',
92 silly registry.get     'cache-control': 'max-age=1',
92 silly registry.get     'content-length': '2031',
92 silly registry.get     'x-served-by': 'cache-v41-ASH, cache-lo83-LHR',
92 silly registry.get     'x-cache': 'MISS, MISS',
92 silly registry.get     'x-cache-hits': '0, 0',
92 silly registry.get     'x-timer': 'S1396006138.403212547,VS0,VS-624,VE-614,VE89',
92 silly registry.get     vary: 'Accept',
92 silly registry.get     'keep-alive': 'timeout=10, max=50',
92 silly registry.get     connection: 'Keep-Alive' } ]
93 verbose unpublish removing attachments { shasum: '44964e797f4b675b5e3656c6a14f4b7a92d44fd8',
93 verbose unpublish   tarball: 'http://registry.npmjs.org/boilerpipe-query/-/boilerpipe-query-0.1.2.tgz' }
94 verbose url raw boilerpipe-query/-rev/10-6f4ae9449905d882c9b624b75c43f7f8
95 verbose url resolving [ 'https://registry.npmjs.org/',
95 verbose url resolving   './boilerpipe-query/-rev/10-6f4ae9449905d882c9b624b75c43f7f8' ]
96 verbose url resolved https://registry.npmjs.org/boilerpipe-query/-rev/10-6f4ae9449905d882c9b624b75c43f7f8
97 info trying registry request attempt 1 at 11:28:57
98 http PUT https://registry.npmjs.org/boilerpipe-query/-rev/10-6f4ae9449905d882c9b624b75c43f7f8
99 http 201 https://registry.npmjs.org/boilerpipe-query/-rev/10-6f4ae9449905d882c9b624b75c43f7f8
100 verbose url raw boilerpipe-query
101 verbose url resolving [ 'https://registry.npmjs.org/', './boilerpipe-query' ]
102 verbose url resolved https://registry.npmjs.org/boilerpipe-query
103 info trying registry request attempt 1 at 11:28:58
104 http GET https://registry.npmjs.org/boilerpipe-query
105 http 200 https://registry.npmjs.org/boilerpipe-query
106 silly registry.get cb [ 200,
106 silly registry.get   { date: 'Fri, 28 Mar 2014 11:28:59 GMT',
106 silly registry.get     server: 'CouchDB/1.5.0 (Erlang OTP/R14B04)',
106 silly registry.get     etag: '"A2MAINKBPUEDMBTTYQVI2KWZ8"',
106 silly registry.get     'content-type': 'application/json',
106 silly registry.get     'accept-ranges': 'bytes',
106 silly registry.get     via: '1.1 varnish',
106 silly registry.get     'cache-control': 'max-age=1',
106 silly registry.get     'content-length': '1328',
106 silly registry.get     'x-served-by': 'cache-v41-ASH, cache-lo81-LHR',
106 silly registry.get     'x-cache': 'MISS, MISS',
106 silly registry.get     'x-cache-hits': '0, 0',
106 silly registry.get     'x-timer': 'S1396006139.228134632,VS0,VS-624,VE-528,VE174',
106 silly registry.get     vary: 'Accept',
106 silly registry.get     'keep-alive': 'timeout=10, max=50',
106 silly registry.get     connection: 'Keep-Alive' } ]
107 info detach /boilerpipe-query/-/boilerpipe-query-0.1.2.tgz/-rev/11-85f0c360f1688f99a0b82c68d64d5926
108 verbose url raw /boilerpipe-query/-/boilerpipe-query-0.1.2.tgz/-rev/11-85f0c360f1688f99a0b82c68d64d5926
109 verbose url resolving [ 'https://registry.npmjs.org/',
109 verbose url resolving   './boilerpipe-query/-/boilerpipe-query-0.1.2.tgz/-rev/11-85f0c360f1688f99a0b82c68d64d5926' ]
110 verbose url resolved https://registry.npmjs.org/boilerpipe-query/-/boilerpipe-query-0.1.2.tgz/-rev/11-85f0c360f1688f99a0b82c68d64d5926
111 info trying registry request attempt 1 at 11:28:58
112 http DELETE https://registry.npmjs.org/boilerpipe-query/-/boilerpipe-query-0.1.2.tgz/-rev/11-85f0c360f1688f99a0b82c68d64d5926
113 http 200 https://registry.npmjs.org/boilerpipe-query/-/boilerpipe-query-0.1.2.tgz/-rev/11-85f0c360f1688f99a0b82c68d64d5926
114 verbose publish [ '.' ]
115 verbose cache add [ '.', null ]
116 verbose cache add name=undefined spec="." args=[".",null]
117 verbose parsed url { protocol: null,
117 verbose parsed url   slashes: null,
117 verbose parsed url   auth: null,
117 verbose parsed url   host: null,
117 verbose parsed url   port: null,
117 verbose parsed url   hostname: null,
117 verbose parsed url   hash: null,
117 verbose parsed url   search: null,
117 verbose parsed url   query: null,
117 verbose parsed url   pathname: '.',
117 verbose parsed url   path: '.',
117 verbose parsed url   href: '.' }
118 silly lockFile 3a52ce78- .
119 verbose lock . /Users/waynedurack/.npm/3a52ce78-.lock
120 verbose tar pack [ '/var/folders/v3/wsp35jd106l8w_w53zmhqbm40000gn/T/npm-63942-9sdqo_x-/1396006139406-0.26855883677490056/tmp.tgz',
120 verbose tar pack   '.' ]
121 verbose tarball /var/folders/v3/wsp35jd106l8w_w53zmhqbm40000gn/T/npm-63942-9sdqo_x-/1396006139406-0.26855883677490056/tmp.tgz
122 verbose folder .
123 silly lockFile 1f1177db-tar tar://.
124 verbose lock tar://. /Users/waynedurack/.npm/1f1177db-tar.lock
125 silly lockFile d0f6db01-9406-0-26855883677490056-tmp-tgz tar:///var/folders/v3/wsp35jd106l8w_w53zmhqbm40000gn/T/npm-63942-9sdqo_x-/1396006139406-0.26855883677490056/tmp.tgz
126 verbose lock tar:///var/folders/v3/wsp35jd106l8w_w53zmhqbm40000gn/T/npm-63942-9sdqo_x-/1396006139406-0.26855883677490056/tmp.tgz /Users/waynedurack/.npm/d0f6db01-9406-0-26855883677490056-tmp-tgz.lock
127 silly lockFile 1f1177db-tar tar://.
128 silly lockFile 1f1177db-tar tar://.
129 silly lockFile d0f6db01-9406-0-26855883677490056-tmp-tgz tar:///var/folders/v3/wsp35jd106l8w_w53zmhqbm40000gn/T/npm-63942-9sdqo_x-/1396006139406-0.26855883677490056/tmp.tgz
130 silly lockFile d0f6db01-9406-0-26855883677490056-tmp-tgz tar:///var/folders/v3/wsp35jd106l8w_w53zmhqbm40000gn/T/npm-63942-9sdqo_x-/1396006139406-0.26855883677490056/tmp.tgz
131 verbose tar unpack /var/folders/v3/wsp35jd106l8w_w53zmhqbm40000gn/T/npm-63942-9sdqo_x-/1396006139406-0.26855883677490056/tmp.tgz
132 silly lockFile 01cf617b-9406-0-26855883677490056-package tar:///var/folders/v3/wsp35jd106l8w_w53zmhqbm40000gn/T/npm-63942-9sdqo_x-/1396006139406-0.26855883677490056/package
133 verbose lock tar:///var/folders/v3/wsp35jd106l8w_w53zmhqbm40000gn/T/npm-63942-9sdqo_x-/1396006139406-0.26855883677490056/package /Users/waynedurack/.npm/01cf617b-9406-0-26855883677490056-package.lock
134 silly lockFile d0f6db01-9406-0-26855883677490056-tmp-tgz tar:///var/folders/v3/wsp35jd106l8w_w53zmhqbm40000gn/T/npm-63942-9sdqo_x-/1396006139406-0.26855883677490056/tmp.tgz
135 verbose lock tar:///var/folders/v3/wsp35jd106l8w_w53zmhqbm40000gn/T/npm-63942-9sdqo_x-/1396006139406-0.26855883677490056/tmp.tgz /Users/waynedurack/.npm/d0f6db01-9406-0-26855883677490056-tmp-tgz.lock
136 silly gunzTarPerm modes [ '755', '644' ]
137 silly gunzTarPerm extractEntry package.json
138 silly gunzTarPerm extractEntry README.md
139 silly gunzTarPerm extractEntry bin/boilerpipe-query
140 silly gunzTarPerm extractEntry lib/boilerpipe-query.js
141 silly lockFile 01cf617b-9406-0-26855883677490056-package tar:///var/folders/v3/wsp35jd106l8w_w53zmhqbm40000gn/T/npm-63942-9sdqo_x-/1396006139406-0.26855883677490056/package
142 silly lockFile 01cf617b-9406-0-26855883677490056-package tar:///var/folders/v3/wsp35jd106l8w_w53zmhqbm40000gn/T/npm-63942-9sdqo_x-/1396006139406-0.26855883677490056/package
143 silly lockFile d0f6db01-9406-0-26855883677490056-tmp-tgz tar:///var/folders/v3/wsp35jd106l8w_w53zmhqbm40000gn/T/npm-63942-9sdqo_x-/1396006139406-0.26855883677490056/tmp.tgz
144 silly lockFile d0f6db01-9406-0-26855883677490056-tmp-tgz tar:///var/folders/v3/wsp35jd106l8w_w53zmhqbm40000gn/T/npm-63942-9sdqo_x-/1396006139406-0.26855883677490056/tmp.tgz
145 verbose tar pack [ '/Users/waynedurack/.npm/boilerpipe-query/0.1.2/package.tgz',
145 verbose tar pack   '/var/folders/v3/wsp35jd106l8w_w53zmhqbm40000gn/T/npm-63942-9sdqo_x-/1396006139406-0.26855883677490056/package' ]
146 verbose tarball /Users/waynedurack/.npm/boilerpipe-query/0.1.2/package.tgz
147 verbose folder /var/folders/v3/wsp35jd106l8w_w53zmhqbm40000gn/T/npm-63942-9sdqo_x-/1396006139406-0.26855883677490056/package
148 silly lockFile 01cf617b-9406-0-26855883677490056-package tar:///var/folders/v3/wsp35jd106l8w_w53zmhqbm40000gn/T/npm-63942-9sdqo_x-/1396006139406-0.26855883677490056/package
149 verbose lock tar:///var/folders/v3/wsp35jd106l8w_w53zmhqbm40000gn/T/npm-63942-9sdqo_x-/1396006139406-0.26855883677490056/package /Users/waynedurack/.npm/01cf617b-9406-0-26855883677490056-package.lock
150 silly lockFile 211740c1-ilerpipe-query-0-1-2-package-tgz tar:///Users/waynedurack/.npm/boilerpipe-query/0.1.2/package.tgz
151 verbose lock tar:///Users/waynedurack/.npm/boilerpipe-query/0.1.2/package.tgz /Users/waynedurack/.npm/211740c1-ilerpipe-query-0-1-2-package-tgz.lock
152 silly lockFile 01cf617b-9406-0-26855883677490056-package tar:///var/folders/v3/wsp35jd106l8w_w53zmhqbm40000gn/T/npm-63942-9sdqo_x-/1396006139406-0.26855883677490056/package
153 silly lockFile 01cf617b-9406-0-26855883677490056-package tar:///var/folders/v3/wsp35jd106l8w_w53zmhqbm40000gn/T/npm-63942-9sdqo_x-/1396006139406-0.26855883677490056/package
154 silly lockFile 211740c1-ilerpipe-query-0-1-2-package-tgz tar:///Users/waynedurack/.npm/boilerpipe-query/0.1.2/package.tgz
155 silly lockFile 211740c1-ilerpipe-query-0-1-2-package-tgz tar:///Users/waynedurack/.npm/boilerpipe-query/0.1.2/package.tgz
156 silly lockFile 0ec0ed6f-m-boilerpipe-query-0-1-2-package /Users/waynedurack/.npm/boilerpipe-query/0.1.2/package
157 verbose lock /Users/waynedurack/.npm/boilerpipe-query/0.1.2/package /Users/waynedurack/.npm/0ec0ed6f-m-boilerpipe-query-0-1-2-package.lock
158 silly lockFile 0ec0ed6f-m-boilerpipe-query-0-1-2-package /Users/waynedurack/.npm/boilerpipe-query/0.1.2/package
159 silly lockFile 0ec0ed6f-m-boilerpipe-query-0-1-2-package /Users/waynedurack/.npm/boilerpipe-query/0.1.2/package
160 verbose tar unpack /Users/waynedurack/.npm/boilerpipe-query/0.1.2/package.tgz
161 silly lockFile 8e74fd76-m-boilerpipe-query-0-1-2-package tar:///Users/waynedurack/.npm/boilerpipe-query/0.1.2/package
162 verbose lock tar:///Users/waynedurack/.npm/boilerpipe-query/0.1.2/package /Users/waynedurack/.npm/8e74fd76-m-boilerpipe-query-0-1-2-package.lock
163 silly lockFile 211740c1-ilerpipe-query-0-1-2-package-tgz tar:///Users/waynedurack/.npm/boilerpipe-query/0.1.2/package.tgz
164 verbose lock tar:///Users/waynedurack/.npm/boilerpipe-query/0.1.2/package.tgz /Users/waynedurack/.npm/211740c1-ilerpipe-query-0-1-2-package-tgz.lock
165 silly gunzTarPerm modes [ '755', '644' ]
166 silly gunzTarPerm extractEntry package.json
167 silly gunzTarPerm extractEntry README.md
168 silly gunzTarPerm extractEntry bin/boilerpipe-query
169 silly gunzTarPerm extractEntry lib/boilerpipe-query.js
170 silly lockFile 8e74fd76-m-boilerpipe-query-0-1-2-package tar:///Users/waynedurack/.npm/boilerpipe-query/0.1.2/package
171 silly lockFile 8e74fd76-m-boilerpipe-query-0-1-2-package tar:///Users/waynedurack/.npm/boilerpipe-query/0.1.2/package
172 silly lockFile 211740c1-ilerpipe-query-0-1-2-package-tgz tar:///Users/waynedurack/.npm/boilerpipe-query/0.1.2/package.tgz
173 silly lockFile 211740c1-ilerpipe-query-0-1-2-package-tgz tar:///Users/waynedurack/.npm/boilerpipe-query/0.1.2/package.tgz
174 verbose chmod /Users/waynedurack/.npm/boilerpipe-query/0.1.2/package.tgz 644
175 verbose chown /Users/waynedurack/.npm/boilerpipe-query/0.1.2/package.tgz [ 501, 20 ]
176 silly lockFile 3a52ce78- .
177 silly lockFile 3a52ce78- .
178 silly publish { author: { name: 'Wayne Durack' },
178 silly publish   name: 'boilerpipe-query',
178 silly publish   description: 'Queries Boilerpipe\'s public API',
178 silly publish   version: '0.1.2',
178 silly publish   repository: { url: 'https://github.com/Trolleymusic/boilerpipe-query' },
178 silly publish   main: './lib/boilerpipe-query',
178 silly publish   keywords: [ 'boilerpipe', 'query' ],
178 silly publish   bin: { uppercaseme: './bin/boilerpipe-query' },
178 silly publish   dependencies: { superagent: '~0.15.4' },
178 silly publish   engines: { node: '*' },
178 silly publish   readme: 'Makes a request to Boilerpipe\'s publicly available API',
178 silly publish   readmeFilename: 'README.md',
178 silly publish   bugs: { url: 'https://github.com/Trolleymusic/boilerpipe-query/issues' },
178 silly publish   _id: 'boilerpipe-query@0.1.2',
178 silly publish   dist:
178 silly publish    { shasum: 'abe5a8a036dcfe07c12c55b81c82300a87b6db51',
178 silly publish      tarball: 'http://registry.npmjs.org/boilerpipe-query/-/boilerpipe-query-0.1.2.tgz' },
178 silly publish   _from: '.',
178 silly publish   _npmVersion: '1.3.11',
178 silly publish   _npmUser: { name: 'trolleymusic', email: 'wayne.durack@gmail.com' } }
179 verbose url raw boilerpipe-query
180 verbose url resolving [ 'https://registry.npmjs.org/', './boilerpipe-query' ]
181 verbose url resolved https://registry.npmjs.org/boilerpipe-query
182 info trying registry request attempt 1 at 11:28:59
183 http PUT https://registry.npmjs.org/boilerpipe-query
184 http 201 https://registry.npmjs.org/boilerpipe-query
185 verbose url raw boilerpipe-query
186 verbose url resolving [ 'https://registry.npmjs.org/', './boilerpipe-query' ]
187 verbose url resolved https://registry.npmjs.org/boilerpipe-query
188 info trying registry request attempt 1 at 11:29:00
189 http GET https://registry.npmjs.org/boilerpipe-query
190 http 200 https://registry.npmjs.org/boilerpipe-query
191 verbose uploading [ 'boilerpipe-query/-/boilerpipe-query-0.1.2.tgz/-rev/13-75383abebdf56d0225e0be3b747813cd',
191 verbose uploading   '/Users/waynedurack/.npm/boilerpipe-query/0.1.2/package.tgz' ]
192 verbose url raw boilerpipe-query/-/boilerpipe-query-0.1.2.tgz/-rev/13-75383abebdf56d0225e0be3b747813cd
193 verbose url resolving [ 'https://registry.npmjs.org/',
193 verbose url resolving   './boilerpipe-query/-/boilerpipe-query-0.1.2.tgz/-rev/13-75383abebdf56d0225e0be3b747813cd' ]
194 verbose url resolved https://registry.npmjs.org/boilerpipe-query/-/boilerpipe-query-0.1.2.tgz/-rev/13-75383abebdf56d0225e0be3b747813cd
195 info trying registry request attempt 1 at 11:29:00
196 http PUT https://registry.npmjs.org/boilerpipe-query/-/boilerpipe-query-0.1.2.tgz/-rev/13-75383abebdf56d0225e0be3b747813cd
197 http 201 https://registry.npmjs.org/boilerpipe-query/-/boilerpipe-query-0.1.2.tgz/-rev/13-75383abebdf56d0225e0be3b747813cd
198 verbose publish attached [ 'boilerpipe-query',
198 verbose publish   '/Users/waynedurack/.npm/boilerpipe-query/0.1.2/package.tgz',
198 verbose publish   'boilerpipe-query-0.1.2.tgz' ]
199 verbose url raw boilerpipe-query/0.1.2/-tag/latest
200 verbose url resolving [ 'https://registry.npmjs.org/',
200 verbose url resolving   './boilerpipe-query/0.1.2/-tag/latest' ]
201 verbose url resolved https://registry.npmjs.org/boilerpipe-query/0.1.2/-tag/latest
202 info trying registry request attempt 1 at 11:29:01
203 http PUT https://registry.npmjs.org/boilerpipe-query/0.1.2/-tag/latest
204 http 403 https://registry.npmjs.org/boilerpipe-query/0.1.2/-tag/latest
205 info trying registry request attempt 1 at 11:29:02
206 http PUT https://registry.npmjs.org/boilerpipe-query/0.1.2/-tag/latest
207 http 403 https://registry.npmjs.org/boilerpipe-query/0.1.2/-tag/latest
208 error publish Error uploading package
209 error Error: forbidden Cannot replace previously published version: 0.1.2: boilerpipe-query/0.1.2/-tag/latest
209 error     at RegClient.<anonymous> (/usr/local/lib/node_modules/npm/node_modules/npm-registry-client/lib/request.js:272:14)
209 error     at Request.self.callback (/usr/local/lib/node_modules/npm/node_modules/request/request.js:129:22)
209 error     at Request.EventEmitter.emit (events.js:98:17)
209 error     at Request.<anonymous> (/usr/local/lib/node_modules/npm/node_modules/request/request.js:873:14)
209 error     at Request.EventEmitter.emit (events.js:117:20)
209 error     at IncomingMessage.<anonymous> (/usr/local/lib/node_modules/npm/node_modules/request/request.js:824:12)
209 error     at IncomingMessage.EventEmitter.emit (events.js:117:20)
209 error     at _stream_readable.js:920:16
209 error     at process._tickCallback (node.js:415:13)
210 error If you need help, you may report this log at:
210 error     <http://github.com/isaacs/npm/issues>
210 error or email it to:
210 error     <npm-@googlegroups.com>
211 error System Darwin 13.1.0
212 error command "node" "/usr/local/bin/npm" "publish" "--force"
213 error cwd /Users/waynedurack/Sites/boilerpipe-query/src
214 error node -v v0.10.21
215 error npm -v 1.3.11
216 verbose exit [ 1, true ]
